Determining if the pthread_create exist failed with the following output:
Change Dir: /home/jing/workspace/my_mono_foll_ws/src/mono_tracking/debug/personInit/build/CMakeFiles/CMakeTmp

Run Build Command:"/usr/bin/make" "cmTC_22657/fast"
/usr/bin/make -f CMakeFiles/cmTC_22657.dir/build.make CMakeFiles/cmTC_22657.dir/build
make[1]: Entering directory '/home/jing/workspace/my_mono_foll_ws/src/mono_tracking/debug/personInit/build/CMakeFiles/CMakeTmp'
Building C object CMakeFiles/cmTC_22657.dir/CheckSymbolExists.c.o
/usr/bin/cc    -o CMakeFiles/cmTC_22657.dir/CheckSymbolExists.c.o   -c /home/jing/workspace/my_mono_foll_ws/src/mono_tracking/debug/personInit/build/CMakeFiles/CMakeTmp/CheckSymbolExists.c
Linking C executable cmTC_22657
/usr/bin/cmake -E cmake_link_script CMakeFiles/cmTC_22657.dir/link.txt --verbose=1
/usr/bin/cc      CMakeFiles/cmTC_22657.dir/CheckSymbolExists.c.o  -o cmTC_22657 
CMakeFiles/cmTC_22657.dir/CheckSymbolExists.c.o: In function `main':
CheckSymbolExists.c:(.text+0x1b): undefined reference to `pthread_create'
collect2: error: ld returned 1 exit status
CMakeFiles/cmTC_22657.dir/build.make:97: recipe for target 'cmTC_22657' failed
make[1]: *** [cmTC_22657] Error 1
make[1]: Leaving directory '/home/jing/workspace/my_mono_foll_ws/src/mono_tracking/debug/personInit/build/CMakeFiles/CMakeTmp'
Makefile:126: recipe for target 'cmTC_22657/fast' failed
make: *** [cmTC_22657/fast] Error 2

File /home/jing/workspace/my_mono_foll_ws/src/mono_tracking/debug/personInit/build/CMakeFiles/CMakeTmp/CheckSymbolExists.c:
/* */
#include <pthread.h>

int main(int argc, char** argv)
{
  (void)argv;
#ifndef pthread_create
  return ((int*)(&pthread_create))[argc];
#else
  (void)argc;
  return 0;
#endif
}

